Giriþ Tarihi: 12/4/2015 01:17:44. 
(Reported by Logger.)

Giriþ Tarihi: 12/4/2015 01:17:57. 
(Reported by Logger.)

Giriþ Tarihi: 12/4/2015 01:18:08. 
(Reported by Logger.)

Kullanýcý Adý:ufuk
Yetki:Admin
 Giriþ Tarihi: 12/4/2015 01:18:08. 
(Reported by Logger.)

Kullanýcý Adý:ufuk
Yetki:Admin
 Giriþ Tarihi: 12/4/2015 01:19:21. 
(Reported by Logger.)

Kullanýcý Adý:ufuk
Yetki:Admin
 Giriþ Tarihi: 12/4/2015 01:19:28. 
(Reported by Logger.)

Kullanýcý Adý:ufuk
Yetki:Admin
 Giriþ Tarihi: 12/4/2015 01:19:29. 
(Reported by Logger.)

