Host: localhost
Browser: Mozilla/5.0 (Windows NT 6.1; Win64; x64; Trident/7.0; rv:11.0) like Gecko
ip adresi: 0:0:0:0:0:0:0:1
http://localhost:8090/WebLabFoy3/index.jsp
 on Sun Apr 12 12:40:51 EEST 2015.

Host: localhost
Browser: Mozilla/5.0 (Windows NT 6.1; Win64; x64; Trident/7.0; rv:11.0) like Gecko
ip adresi: 0:0:0:0:0:0:0:1
http://localhost:8090/WebLabFoy3/index.jsp
 on Sun Apr 12 13:17:44 EEST 2015.

Host: localhost
Browser: Mozilla/5.0 (Windows NT 6.1; Win64; x64; Trident/7.0; rv:11.0) like Gecko
ip adresi: 0:0:0:0:0:0:0:1
http://localhost:8090/WebLabFoy3/index.jsp
 on Sun Apr 12 13:17:57 EEST 2015.

Host: localhost
Browser: Mozilla/5.0 (Windows NT 6.1; Win64; x64; Trident/7.0; rv:11.0) like Gecko
ip adresi: 0:0:0:0:0:0:0:1
http://localhost:8090/WebLabFoy3/index.jsp
 on Sun Apr 12 13:18:08 EEST 2015.

Host: localhost
Browser: Mozilla/5.0 (Windows NT 6.1; Win64; x64; Trident/7.0; rv:11.0) like Gecko
ip adresi: 0:0:0:0:0:0:0:1
http://localhost:8090/WebLabFoy3/index.jsp
 on Sun Apr 12 13:19:21 EEST 2015.

Host: localhost
Browser: Mozilla/5.0 (Windows NT 6.1; Win64; x64; Trident/7.0; rv:11.0) like Gecko
ip adresi: 0:0:0:0:0:0:0:1
http://localhost:8090/WebLabFoy3/index.jsp
 on Sun Apr 12 13:19:28 EEST 2015.

